<?xml version="1.0" encoding="UTF-8"?>
<!-- Generated by org.testng.reporters.JUnitXMLReporter -->
<testsuite hostname="DESKTOP-INQUNRP" ignored="0" name="Classlabel2 " tests="3" failures="1" timestamp="21 Jun 2020 21:36:54 GMT" time="0.027" errors="0">
  <testcase name="m1" time="0.002" classname="com.TestNGiTestListener.Classlabel2"/>
  <testcase name="m2" time="0.007" classname="com.TestNGiTestListener.Classlabel2">
    <failure type="java.lang.AssertionError" message="expected [true] but found [false]">
      <![CDATA[java.lang.AssertionError: expected [true] but found [false]
at com.TestNGiTestListener.Classlabel2.m2(Classlabel2.java:19)
... Removed 29 stack frames]]>
    </failure>
  </testcase> <!-- m2 -->
  <testcase name="m3" time="0.002" classname="com.TestNGiTestListener.Classlabel2">
    <skipped/>
  </testcase> <!-- m3 -->
</testsuite> <!-- Classlabel2  -->
