<?xml version="1.0" encoding="UTF-8"?>
<!-- Generated by org.testng.reporters.JUnitXMLReporter -->
<testsuite hostname="DESKTOP-INQUNRP" ignored="0" name="Function test" tests="8" failures="0" timestamp="23 Jan 2021 19:40:06 GMT" time="69.695" errors="0">
  <testcase name="getURL2" time="3.78" classname="com.TestNGParallelWithBaseTest.Parallel"/>
  <testcase name="getURL1" time="6.611" classname="com.TestNGParallelWithBaseTest.Parallel"/>
  <testcase name="getURL4" time="16.406" classname="com.TestNGParallelWithBaseTest.Parallel"/>
  <testcase name="getURL3" time="21.462" classname="com.TestNGParallelWithBaseTest.Parallel"/>
  <testcase name="getURL2" time="4.061" classname="com.TestNGParallelWithBaseTest.ParallelAndThreadCount"/>
  <testcase name="getURL1" time="5.68" classname="com.TestNGParallelWithBaseTest.ParallelAndThreadCount"/>
  <testcase name="getURL3" time="12.99" classname="com.TestNGParallelWithBaseTest.ParallelAndThreadCount"/>
  <testcase name="getURL4" time="11.635" classname="com.TestNGParallelWithBaseTest.ParallelAndThreadCount"/>
</testsuite> <!-- Function test -->
