<?xml version="1.0" encoding="UTF-8"?>
<!-- Generated by org.testng.reporters.JUnitXMLReporter -->
<testsuite hostname="DESKTOP-INQUNRP" ignored="0" name="Function test" tests="8" failures="0" timestamp="22 Jan 2021 16:37:04 GMT" time="48.926" errors="0">
  <testcase name="getURL2" time="9.234" classname="com.TestNGParallelWithBaseTest.Parallel"/>
  <testcase name="getURL1" time="9.401" classname="com.TestNGParallelWithBaseTest.Parallel"/>
  <testcase name="getURL4" time="12.0" classname="com.TestNGParallelWithBaseTest.Parallel"/>
  <testcase name="getURL1" time="6.392" classname="com.TestNGParallelWithBaseTest.ParallelAndThreadCount"/>
  <testcase name="getURL3" time="22.179" classname="com.TestNGParallelWithBaseTest.Parallel"/>
  <testcase name="getURL2" time="12.574" classname="com.TestNGParallelWithBaseTest.ParallelAndThreadCount"/>
  <testcase name="getURL4" time="9.817" classname="com.TestNGParallelWithBaseTest.ParallelAndThreadCount"/>
  <testcase name="getURL3" time="20.979" classname="com.TestNGParallelWithBaseTest.ParallelAndThreadCount"/>
</testsuite> <!-- Function test -->
