<?xml version="1.0" encoding="UTF-8"?>
<!-- Generated by org.testng.reporters.JUnitXMLReporter -->
<testsuite hostname="DESKTOP-INQUNRP" ignored="0" name="login" tests="4" failures="0" timestamp="14 Jun 2020 16:15:41 GMT" time="0.056" errors="0">
  <testcase name="test1" time="0.011" classname="com.TestNGcustomAssert.LoginTest"/>
  <testcase name="test2" time="0.002" classname="com.TestNGcustomAssert.LoginTest"/>
  <testcase name="test3" time="0.002" classname="com.TestNGcustomAssert.LoginTest"/>
  <testcase name="test4" time="0.005" classname="com.TestNGcustomAssert.LoginTest"/>
</testsuite> <!-- login -->
