<?xml version="1.0" encoding="UTF-8"?>
<!-- Generated by org.testng.reporters.JUnitXMLReporter -->
<testsuite hostname="DESKTOP-INQUNRP" ignored="0" name="registration" tests="6" failures="0" timestamp="14 Jun 2020 16:15:41 GMT" time="0.03" errors="0">
  <testcase name="Retest1" time="0.002" classname="com.TestNGcustomAssert.RegistrationTest"/>
  <testcase name="Retest2" time="0.002" classname="com.TestNGcustomAssert.RegistrationTest"/>
  <testcase name="Retest3" time="0.003" classname="com.TestNGcustomAssert.RegistrationTest"/>
  <testcase name="Retest4" time="0.001" classname="com.TestNGcustomAssert.RegistrationTest"/>
  <testcase name="Retest5" time="0.001" classname="com.TestNGcustomAssert.RegistrationTest"/>
  <testcase name="Retest6" time="0.002" classname="com.TestNGcustomAssert.RegistrationTest"/>
</testsuite> <!-- registration -->
