<?xml version="1.0" encoding="UTF-8"?>
<!-- Generated by org.testng.reporters.JUnitXMLReporter -->
<testsuite hostname="DESKTOP-INQUNRP" ignored="0" name="Test" tests="9" failures="0" timestamp="14 Jun 2020 16:01:39 GMT" time="0.085" errors="0">
  <testcase name="test1" time="0.013" classname="com.TestNGcustomAssert.LoginTest"/>
  <testcase name="test2" time="0.003" classname="com.TestNGcustomAssert.LoginTest"/>
  <testcase name="test3" time="0.001" classname="com.TestNGcustomAssert.LoginTest"/>
  <testcase name="test4" time="0.002" classname="com.TestNGcustomAssert.LoginTest"/>
  <testcase name="Retest1" time="0.002" classname="com.TestNGcustomAssert.RegistrationTest"/>
  <testcase name="Retest2" time="0.001" classname="com.TestNGcustomAssert.RegistrationTest"/>
  <testcase name="Retest3" time="0.003" classname="com.TestNGcustomAssert.RegistrationTest"/>
  <testcase name="Retest4" time="0.001" classname="com.TestNGcustomAssert.RegistrationTest"/>
  <testcase name="Retest5" time="0.001" classname="com.TestNGcustomAssert.RegistrationTest"/>
</testsuite> <!-- Test -->
