<?xml version="1.0" encoding="UTF-8"?>
<!-- Generated by org.testng.reporters.JUnitXMLReporter -->
<testsuite hostname="DESKTOP-INQUNRP" ignored="0" name="Factory1" tests="8" failures="0" timestamp="28 Jun 2020 17:45:21 GMT" time="68.615" errors="0">
  <testcase name="LoginTest" time="5.419" classname="com.TestNfaqctoryAnnotation.FactoryWithConstructor"/>
  <testcase name="RegistrationTest" time="0.002" classname="com.TestNfaqctoryAnnotation.FactoryWithConstructor"/>
  <testcase name="SFloginTest" time="38.549" classname="com.TestNfaqctoryAnnotation.FactoryWithConstructor"/>
  <testcase name="messangerTest" time="0.002" classname="com.TestNfaqctoryAnnotation.FactoryWithConstructor"/>
  <testcase name="LoginTest" time="4.423" classname="com.TestNfaqctoryAnnotation.FactoryWithConstructor"/>
  <testcase name="RegistrationTest" time="0.004" classname="com.TestNfaqctoryAnnotation.FactoryWithConstructor"/>
  <testcase name="SFloginTest" time="5.46" classname="com.TestNfaqctoryAnnotation.FactoryWithConstructor"/>
  <testcase name="messangerTest" time="0.001" classname="com.TestNfaqctoryAnnotation.FactoryWithConstructor"/>
</testsuite> <!-- Factory1 -->
