<?xml version="1.0" encoding="UTF-8"?>
<!-- Generated by org.testng.reporters.JUnitXMLReporter -->
<testsuite hostname="DESKTOP-INQUNRP" ignored="0" name="Smoke Test" tests="8" failures="0" timestamp="23 Jan 2021 00:45:26 GMT" time="60.904" errors="0">
  <testcase name="getURL2" time="2.605" classname="com.TestNGParallelWithBaseTest.ParallelAndThreadCount"/>
  <testcase name="getURL1" time="6.409" classname="com.TestNGParallelWithBaseTest.ParallelAndThreadCount"/>
  <testcase name="getURL4" time="10.395" classname="com.TestNGParallelWithBaseTest.ParallelAndThreadCount"/>
  <testcase name="getURL3" time="16.858" classname="com.TestNGParallelWithBaseTest.ParallelAndThreadCount"/>
  <testcase name="getURL1" time="2.192" classname="com.TestNGParallelWithBaseTest.Parallel"/>
  <testcase name="getURL2" time="1.183" classname="com.TestNGParallelWithBaseTest.Parallel"/>
  <testcase name="getURL4" time="6.263" classname="com.TestNGParallelWithBaseTest.Parallel"/>
  <testcase name="getURL3" time="9.051" classname="com.TestNGParallelWithBaseTest.Parallel"/>
</testsuite> <!-- Smoke Test -->
