<?xml version="1.0" encoding="UTF-8"?>
<!-- Generated by org.testng.reporters.JUnitXMLReporter -->
<testsuite hostname="DESKTOP-INQUNRP" ignored="0" name="Test1" tests="6" failures="2" timestamp="01 Feb 2021 01:51:53 GMT" time="0.105" errors="0">
  <testcase name="test1" time="0.01" classname="com.TestNGiTestListenerPackage.AssuranceTests"/>
  <testcase name="test2" time="0.007" classname="com.TestNGiTestListenerPackage.AssuranceTests">
    <failure type="java.lang.AssertionError" message="expected [efg] but found [abs]">
      <![CDATA[java.lang.AssertionError: expected [efg] but found [abs]
at com.TestNGiTestListenerPackage.AssuranceTests.test2(AssuranceTests.java:17)
... Removed 31 stack frames]]>
    </failure>
  </testcase> <!-- test2 -->
  <testcase name="test3" time="0.008" classname="com.TestNGiTestListenerPackage.AssuranceTests"/>
  <testcase name="test4" time="0.002" classname="com.TestNGiTestListenerPackage.AssuranceTests"/>
  <testcase name="test5" time="0.001" classname="com.TestNGiTestListenerPackage.AssuranceTests">
    <failure type="java.lang.AssertionError" message="null">
      <![CDATA[java.lang.AssertionError: null
at com.TestNGiTestListenerPackage.AssuranceTests.test5(AssuranceTests.java:33)
... Removed 28 stack frames]]>
    </failure>
  </testcase> <!-- test5 -->
  <testcase name="test6" time="0.002" classname="com.TestNGiTestListenerPackage.AssuranceTests"/>
</testsuite> <!-- Test1 -->
