<?xml version="1.0" encoding="UTF-8"?>
<!-- Generated by org.testng.reporters.JUnitXMLReporter -->
<testsuite hostname="DESKTOP-INQUNRP" ignored="0" name="Test" tests="4" failures="1" timestamp="14 Jun 2020 17:19:49 GMT" time="0.052" errors="0">
  <testcase name="test1" time="0.014" classname="com.TestNGIReporter.LoginTest"/>
  <testcase name="test2" time="0.001" classname="com.TestNGIReporter.LoginTest"/>
  <testcase name="test3" time="0.005" classname="com.TestNGIReporter.LoginTest">
    <failure type="java.lang.AssertionError" message="expected [false] but found [true]">
      <![CDATA[java.lang.AssertionError: expected [false] but found [true]
at com.TestNGIReporter.LoginTest.test3(LoginTest.java:29)
... Removed 31 stack frames]]>
    </failure>
  </testcase> <!-- test3 -->
  <testcase name="test4" time="0.0" classname="com.TestNGIReporter.LoginTest">
    <skipped/>
  </testcase> <!-- test4 -->
</testsuite> <!-- Test -->
