<?xml version="1.0" encoding="UTF-8"?>
<!-- Generated by org.testng.reporters.JUnitXMLReporter -->
<testsuite hostname="DESKTOP-INQUNRP" ignored="3" name="Test2(failed)" tests="3" failures="2" timestamp="01 Feb 2021 01:53:04 GMT" time="0.033" errors="0">
  <testcase name="test3" time="0.002" classname="com.TestNGiTestListenerPackage.AssuranceTests2">
    <failure type="java.lang.AssertionError" message="expected [efg] but found [abs]">
      <![CDATA[java.lang.AssertionError: expected [efg] but found [abs]
at com.TestNGiTestListenerPackage.AssuranceTests2.test3(AssuranceTests2.java:24)
... Removed 31 stack frames]]>
    </failure>
  </testcase> <!-- test3 -->
  <testcase name="test6" time="0.007" classname="com.TestNGiTestListenerPackage.AssuranceTests2">
    <failure type="java.lang.AssertionError" message="null">
      <![CDATA[java.lang.AssertionError: null
at com.TestNGiTestListenerPackage.AssuranceTests2.test6(AssuranceTests2.java:40)
... Removed 28 stack frames]]>
    </failure>
  </testcase> <!-- test6 -->
  <testcase name="test4" time="0.0" classname="com.TestNGiTestListenerPackage.AssuranceTests2">
    <skipped/>
  </testcase> <!-- test4 -->
  <testcase name="test5" time="0.0" classname="com.TestNGiTestListenerPackage.AssuranceTests2">
    <ignored/>
  </testcase> <!-- test5 -->
  <testcase name="test1" time="0.0" classname="com.TestNGiTestListenerPackage.AssuranceTests2">
    <ignored/>
  </testcase> <!-- test1 -->
  <testcase name="test2" time="0.0" classname="com.TestNGiTestListenerPackage.AssuranceTests2">
    <ignored/>
  </testcase> <!-- test2 -->
</testsuite> <!-- Test2(failed) -->
