<?xml version="1.0" encoding="UTF-8"?>
<!-- Generated by org.testng.reporters.JUnitXMLReporter -->
<testsuite hostname="DESKTOP-INQUNRP" ignored="4" name="Test1(failed)" tests="2" failures="2" timestamp="01 Feb 2021 01:53:04 GMT" time="0.095" errors="0">
  <testcase name="test2" time="0.024" classname="com.TestNGiTestListenerPackage.AssuranceTests">
    <failure type="java.lang.AssertionError" message="expected [efg] but found [abs]">
      <![CDATA[java.lang.AssertionError: expected [efg] but found [abs]
at com.TestNGiTestListenerPackage.AssuranceTests.test2(AssuranceTests.java:17)
... Removed 31 stack frames]]>
    </failure>
  </testcase> <!-- test2 -->
  <testcase name="test5" time="0.003" classname="com.TestNGiTestListenerPackage.AssuranceTests">
    <failure type="java.lang.AssertionError" message="null">
      <![CDATA[java.lang.AssertionError: null
at com.TestNGiTestListenerPackage.AssuranceTests.test5(AssuranceTests.java:33)
... Removed 28 stack frames]]>
    </failure>
  </testcase> <!-- test5 -->
  <testcase name="test1" time="0.0" classname="com.TestNGiTestListenerPackage.AssuranceTests">
    <ignored/>
  </testcase> <!-- test1 -->
  <testcase name="test6" time="0.0" classname="com.TestNGiTestListenerPackage.AssuranceTests">
    <ignored/>
  </testcase> <!-- test6 -->
  <testcase name="test4" time="0.0" classname="com.TestNGiTestListenerPackage.AssuranceTests">
    <ignored/>
  </testcase> <!-- test4 -->
  <testcase name="test3" time="0.0" classname="com.TestNGiTestListenerPackage.AssuranceTests">
    <ignored/>
  </testcase> <!-- test3 -->
</testsuite> <!-- Test1(failed) -->
