<?xml version="1.0" encoding="UTF-8"?>
<!-- Generated by org.testng.reporters.JUnitXMLReporter -->
<testsuite hostname="DESKTOP-INQUNRP" ignored="0" name="registration" tests="6" failures="0" timestamp="21 Jun 2020 22:43:37 GMT" time="0.038" errors="0">
  <testcase name="Retest1" time="0.002" classname="com.TestNGIReporter.RegistrationTest"/>
  <testcase name="Retest2" time="0.002" classname="com.TestNGIReporter.RegistrationTest"/>
  <testcase name="Retest3" time="0.005" classname="com.TestNGIReporter.RegistrationTest"/>
  <testcase name="Retest4" time="0.001" classname="com.TestNGIReporter.RegistrationTest"/>
  <testcase name="Retest5" time="0.002" classname="com.TestNGIReporter.RegistrationTest"/>
  <testcase name="Retest6" time="0.002" classname="com.TestNGIReporter.RegistrationTest"/>
</testsuite> <!-- registration -->
