<?xml version="1.0" encoding="UTF-8"?>
<!-- Generated by org.testng.reporters.JUnitXMLReporter -->
<testsuite hostname="DESKTOP-INQUNRP" ignored="0" name="Test module1" tests="8" failures="0" timestamp="22 Jan 2021 21:31:36 GMT" time="44.15" errors="0">
  <testcase name="getURL1" time="3.429" classname="com.TestNGParallelWithBaseTest.ParallelAndThreadCount"/>
  <testcase name="getURL2" time="4.408" classname="com.TestNGParallelWithBaseTest.ParallelAndThreadCount"/>
  <testcase name="getURL4" time="4.887" classname="com.TestNGParallelWithBaseTest.ParallelAndThreadCount"/>
  <testcase name="getURL3" time="8.853" classname="com.TestNGParallelWithBaseTest.ParallelAndThreadCount"/>
  <testcase name="getURL1" time="13.644" classname="com.TestNGParallelWithBaseTest.Parallel"/>
  <testcase name="getURL2" time="20.719" classname="com.TestNGParallelWithBaseTest.Parallel"/>
  <testcase name="getURL3" time="25.103" classname="com.TestNGParallelWithBaseTest.Parallel"/>
  <testcase name="getURL4" time="21.168" classname="com.TestNGParallelWithBaseTest.Parallel"/>
</testsuite> <!-- Test module1 -->
