<?xml version="1.0" encoding="UTF-8"?>
<!-- Generated by org.testng.reporters.JUnitXMLReporter -->
<testsuite hostname="DESKTOP-INQUNRP" ignored="0" name="Test module 2" tests="8" failures="0" timestamp="22 Jan 2021 21:32:34 GMT" time="57.977" errors="0">
  <testcase name="getURL1" time="7.366" classname="com.TestNGParallelWithBaseTest.ParallelAndThreadCount"/>
  <testcase name="getURL2" time="16.234" classname="com.TestNGParallelWithBaseTest.ParallelAndThreadCount"/>
  <testcase name="getURL4" time="18.585" classname="com.TestNGParallelWithBaseTest.ParallelAndThreadCount"/>
  <testcase name="getURL1" time="8.719" classname="com.TestNGParallelWithBaseTest.Parallel"/>
  <testcase name="getURL3" time="30.554" classname="com.TestNGParallelWithBaseTest.ParallelAndThreadCount"/>
  <testcase name="getURL2" time="15.5" classname="com.TestNGParallelWithBaseTest.Parallel"/>
  <testcase name="getURL4" time="17.666" classname="com.TestNGParallelWithBaseTest.Parallel"/>
  <testcase name="getURL3" time="23.92" classname="com.TestNGParallelWithBaseTest.Parallel"/>
</testsuite> <!-- Test module 2 -->
