<?xml version="1.0" encoding="UTF-8"?>
<testng-results skipped="0" failed="0" ignored="0" total="2" passed="2">
  <reporter-output>
  </reporter-output>
  <suite name="Default suite" duration-ms="9801" started-at="2021-01-24T02:14:02Z" finished-at="2021-01-24T02:14:12Z">
    <groups>
    </groups>
    <test name="Default test" duration-ms="9801" started-at="2021-01-24T02:14:02Z" finished-at="2021-01-24T02:14:12Z">
      <class name="com.TestNGAnnotation.HowToPrintMethodName">
        <test-method status="PASS" signature="openApp()[pri:0, instance:com.TestNGAnnotation.HowToPrintMethodName@6d4b1c02]" name="openApp" is-config="true" duration-ms="7774" started-at="2021-01-24T02:14:02Z" finished-at="2021-01-24T02:14:10Z">
          <reporter-output>
          </reporter-output>
        </test-method> <!-- openApp -->
        <test-method status="PASS" signature="titleTest()[pri:0, instance:com.TestNGAnnotation.HowToPrintMethodName@6d4b1c02]" name="titleTest" duration-ms="1014" started-at="2021-01-24T02:14:10Z" finished-at="2021-01-24T02:14:11Z">
          <reporter-output>
          </reporter-output>
        </test-method> <!-- titleTest -->
        <test-method status="PASS" signature="urlTest()[pri:0, instance:com.TestNGAnnotation.HowToPrintMethodName@6d4b1c02]" name="urlTest" duration-ms="12" started-at="2021-01-24T02:14:11Z" finished-at="2021-01-24T02:14:11Z">
          <reporter-output>
          </reporter-output>
        </test-method> <!-- urlTest -->
        <test-method status="PASS" signature="tearDown()[pri:0, instance:com.TestNGAnnotation.HowToPrintMethodName@6d4b1c02]" name="tearDown" is-config="true" duration-ms="957" started-at="2021-01-24T02:14:11Z" finished-at="2021-01-24T02:14:12Z">
          <reporter-output>
          </reporter-output>
        </test-method> <!-- tearDown -->
      </class> <!-- com.TestNGAnnotation.HowToPrintMethodName -->
    </test> <!-- Default test -->
  </suite> <!-- Default suite -->
</testng-results>
