<?xml version="1.0" encoding="UTF-8"?>
<testng-results skipped="0" failed="0" ignored="0" total="1" passed="1">
  <reporter-output>
  </reporter-output>
  <suite name="com.TestNG.Test1" duration-ms="45" started-at="2020-06-09T00:40:00Z" finished-at="2020-06-09T00:40:00Z">
    <groups>
    </groups>
    <test name="Command line test" duration-ms="45" started-at="2020-06-09T00:40:00Z" finished-at="2020-06-09T00:40:00Z">
      <class name="com.TestNG.Test1">
        <test-method status="PASS" signature="m1()[pri:0, instance:com.TestNG.Test1@22f71333]" name="m1" duration-ms="8" started-at="2020-06-09T00:40:00Z" finished-at="2020-06-09T00:40:00Z">
          <reporter-output>
          </reporter-output>
        </test-method> <!-- m1 -->
      </class> <!-- com.TestNG.Test1 -->
    </test> <!-- Command line test -->
  </suite> <!-- com.TestNG.Test1 -->
</testng-results>
